<?xml version="1.0" encoding="UTF-8"?>
<testng-results ignored="0" total="3" passed="3" failed="0" skipped="0">
  <reporter-output>
  </reporter-output>
  <suite started-at="2022-01-25T01:31:55Z" name="Smoke" finished-at="2022-01-25T01:32:09Z" duration-ms="14192">
    <groups>
    </groups>
    <test started-at="2022-01-25T01:31:55Z" name="DataDrivenTesting" finished-at="2022-01-25T01:32:09Z" duration-ms="14192">
      <class name="tests.DataDrivenTesting">
        <test-method is-config="true" signature="beforeMethod()[pri:0, instance:tests.DataDrivenTesting@5c5eefef]" started-at="2022-01-25T01:31:55Z" name="beforeMethod" finished-at="2022-01-25T01:31:59Z" duration-ms="3357" status="PASS">
          <reporter-output>
          </reporter-output>
        </test-method> <!-- beforeMethod -->
        <test-method signature="test(java.lang.String, java.lang.String)[pri:0, instance:tests.DataDrivenTesting@5c5eefef]" started-at="2022-01-25T01:31:59Z" name="test" data-provider="inputData" finished-at="2022-01-25T01:32:00Z" duration-ms="1527" status="PASS">
          <params>
            <param index="0">
              <value>
                <![CDATA[cali@tekschool.us]]>
              </value>
            </param>
            <param index="1">
              <value>
                <![CDATA[cali123]]>
              </value>
            </param>
          </params>
          <reporter-output>
          </reporter-output>
        </test-method> <!-- test -->
        <test-method is-config="true" signature="afterMethod()[pri:0, instance:tests.DataDrivenTesting@5c5eefef]" started-at="2022-01-25T01:32:00Z" name="afterMethod" finished-at="2022-01-25T01:32:00Z" duration-ms="228" status="PASS">
          <reporter-output>
          </reporter-output>
        </test-method> <!-- afterMethod -->
        <test-method is-config="true" signature="beforeMethod()[pri:0, instance:tests.DataDrivenTesting@5c5eefef]" started-at="2022-01-25T01:32:00Z" name="beforeMethod" finished-at="2022-01-25T01:32:03Z" duration-ms="2724" status="PASS">
          <reporter-output>
          </reporter-output>
        </test-method> <!-- beforeMethod -->
        <test-method signature="test(java.lang.String, java.lang.String)[pri:0, instance:tests.DataDrivenTesting@5c5eefef]" started-at="2022-01-25T01:32:03Z" name="test" data-provider="inputData" finished-at="2022-01-25T01:32:04Z" duration-ms="1479" status="PASS">
          <params>
            <param index="0">
              <value>
                <![CDATA[va@tekschool.us]]>
              </value>
            </param>
            <param index="1">
              <value>
                <![CDATA[va123]]>
              </value>
            </param>
          </params>
          <reporter-output>
          </reporter-output>
        </test-method> <!-- test -->
        <test-method is-config="true" signature="afterMethod()[pri:0, instance:tests.DataDrivenTesting@5c5eefef]" started-at="2022-01-25T01:32:04Z" name="afterMethod" finished-at="2022-01-25T01:32:05Z" duration-ms="224" status="PASS">
          <reporter-output>
          </reporter-output>
        </test-method> <!-- afterMethod -->
        <test-method is-config="true" signature="beforeMethod()[pri:0, instance:tests.DataDrivenTesting@5c5eefef]" started-at="2022-01-25T01:32:05Z" name="beforeMethod" finished-at="2022-01-25T01:32:07Z" duration-ms="2500" status="PASS">
          <reporter-output>
          </reporter-output>
        </test-method> <!-- beforeMethod -->
        <test-method signature="test(java.lang.String, java.lang.String)[pri:0, instance:tests.DataDrivenTesting@5c5eefef]" started-at="2022-01-25T01:32:07Z" name="test" data-provider="inputData" finished-at="2022-01-25T01:32:09Z" duration-ms="1340" status="PASS">
          <params>
            <param index="0">
              <value>
                <![CDATA[ny@tekschool.us]]>
              </value>
            </param>
            <param index="1">
              <value>
                <![CDATA[ny123]]>
              </value>
            </param>
          </params>
          <reporter-output>
          </reporter-output>
        </test-method> <!-- test -->
        <test-method is-config="true" signature="afterMethod()[pri:0, instance:tests.DataDrivenTesting@5c5eefef]" started-at="2022-01-25T01:32:09Z" name="afterMethod" finished-at="2022-01-25T01:32:09Z" duration-ms="240" status="PASS">
          <reporter-output>
          </reporter-output>
        </test-method> <!-- afterMethod -->
      </class> <!-- tests.DataDrivenTesting -->
    </test> <!-- DataDrivenTesting -->
  </suite> <!-- Smoke -->
</testng-results>
