<?xml version="1.0" encoding="UTF-8"?>
<!-- Generated by org.testng.reporters.JUnitXMLReporter -->
<testsuite ignored="0" hostname="DESKTOP-K2K8DK8" failures="0" tests="3" name="DataDrivenTesting" time="14.192" errors="0" timestamp="25 Jan 2022 01:32:09 GMT">
  <testcase classname="tests.DataDrivenTesting" name="test" time="1.527"/>
  <testcase classname="tests.DataDrivenTesting" name="test" time="1.479"/>
  <testcase classname="tests.DataDrivenTesting" name="test" time="1.34"/>
</testsuite> <!-- DataDrivenTesting -->
